<?xml version="1.0" encoding="UTF-8"?>
<!-- Generated by org.testng.reporters.JUnitXMLReporter -->
<testsuite ignored="0" hostname="ARJDU-D-0335" failures="0" tests="6" name="Default test" time="17.224" errors="0" timestamp="2024-05-14T15:02:39 IST">
  <testcase classname="api.test.DataDrivenTests" name="testPostUser" time="5.848"/>
  <testcase classname="api.test.DataDrivenTests" name="testPostUser" time="1.146"/>
  <testcase classname="api.test.DataDrivenTests" name="testPostUser" time="1.149"/>
  <testcase classname="api.test.DataDrivenTests" name="testDeleteUserByName" time="1.313"/>
  <testcase classname="api.test.DataDrivenTests" name="testDeleteUserByName" time="1.194"/>
  <testcase classname="api.test.DataDrivenTests" name="testDeleteUserByName" time="1.194"/>
</testsuite> <!-- Default test -->
