<?xml version="1.0" encoding="UTF-8"?>
<!-- Generated by org.testng.reporters.JUnitXMLReporter -->
<testsuite ignored="0" hostname="ARJDU-D-0335" failures="0" tests="4" name="Test" time="12.031" errors="0" timestamp="2024-05-15T15:54:58 IST">
  <testcase classname="api.test.UserTests2" name="testPostUser" time="5.589"/>
  <testcase classname="api.test.UserTests2" name="testGetUser" time="1.362"/>
  <testcase classname="api.test.UserTests2" name="testUpdateUser" time="2.418"/>
  <testcase classname="api.test.UserTests2" name="testDeleteUser" time="1.166"/>
</testsuite> <!-- Test -->
