<?xml version="1.0" encoding="UTF-8"?>
<!-- Generated by org.testng.reporters.JUnitXMLReporter -->
<testsuite ignored="0" hostname="ARJDU-D-0335" failures="0" tests="4" name="Test" time="16.389" errors="0" timestamp="2024-05-15T09:39:28 IST">
  <testcase classname="api.test.UserTests2" name="testPostUser" time="7.7"/>
  <testcase classname="api.test.UserTests2" name="testGetUser" time="1.639"/>
  <testcase classname="api.test.UserTests2" name="testUpdateUser" time="2.952"/>
  <testcase classname="api.test.UserTests2" name="testDeleteUser" time="1.872"/>
</testsuite> <!-- Test -->
