<?xml version="1.0" encoding="UTF-8"?>
<testng-results ignored="0" total="4" passed="4" failed="0" skipped="0">
  <reporter-output>
  </reporter-output>
  <suite started-at="2024-05-15T09:39:09 IST" name="Suite" finished-at="2024-05-15T09:39:25 IST" duration-ms="16389">
    <groups>
    </groups>
    <test started-at="2024-05-15T09:39:09 IST" name="Test" finished-at="2024-05-15T09:39:25 IST" duration-ms="16389">
      <class name="api.test.UserTests2">
        <test-method is-config="true" signature="setup()[pri:0, instance:api.test.UserTests2@576f63f6]" started-at="2024-05-15T09:39:10 IST" name="setup" finished-at="2024-05-15T09:39:11 IST" duration-ms="1224" status="PASS">
          <reporter-output>
          </reporter-output>
        </test-method> <!-- setup -->
        <test-method signature="testPostUser()[pri:1, instance:api.test.UserTests2@576f63f6]" started-at="2024-05-15T09:39:11 IST" name="testPostUser" finished-at="2024-05-15T09:39:19 IST" duration-ms="7700" status="PASS">
          <reporter-output>
          </reporter-output>
        </test-method> <!-- testPostUser -->
        <test-method signature="testGetUser()[pri:2, instance:api.test.UserTests2@576f63f6]" started-at="2024-05-15T09:39:19 IST" name="testGetUser" finished-at="2024-05-15T09:39:20 IST" duration-ms="1639" status="PASS">
          <reporter-output>
          </reporter-output>
        </test-method> <!-- testGetUser -->
        <test-method signature="testUpdateUser()[pri:3, instance:api.test.UserTests2@576f63f6]" started-at="2024-05-15T09:39:20 IST" name="testUpdateUser" finished-at="2024-05-15T09:39:23 IST" duration-ms="2952" status="PASS">
          <reporter-output>
          </reporter-output>
        </test-method> <!-- testUpdateUser -->
        <test-method signature="testDeleteUser()[pri:4, instance:api.test.UserTests2@576f63f6]" started-at="2024-05-15T09:39:23 IST" name="testDeleteUser" finished-at="2024-05-15T09:39:25 IST" duration-ms="1872" status="PASS">
          <reporter-output>
          </reporter-output>
        </test-method> <!-- testDeleteUser -->
      </class> <!-- api.test.UserTests2 -->
    </test> <!-- Test -->
  </suite> <!-- Suite -->
</testng-results>
