<?xml version="1.0" encoding="UTF-8"?>
<testng-results ignored="0" total="4" passed="4" failed="0" skipped="0">
  <reporter-output>
  </reporter-output>
  <suite started-at="2024-05-15T09:20:37 IST" name="Suite" finished-at="2024-05-15T09:20:51 IST" duration-ms="14315">
    <groups>
    </groups>
    <test started-at="2024-05-15T09:20:37 IST" name="Test" finished-at="2024-05-15T09:20:51 IST" duration-ms="14315">
      <class name="api.test.UserTests2">
        <test-method is-config="true" signature="setup()[pri:0, instance:api.test.UserTests2@ebb6851]" started-at="2024-05-15T09:20:38 IST" name="setup" finished-at="2024-05-15T09:20:39 IST" duration-ms="851" status="PASS">
          <reporter-output>
          </reporter-output>
        </test-method> <!-- setup -->
        <test-method signature="testPostUser()[pri:1, instance:api.test.UserTests2@ebb6851]" started-at="2024-05-15T09:20:39 IST" name="testPostUser" finished-at="2024-05-15T09:20:46 IST" duration-ms="7738" status="PASS">
          <reporter-output>
          </reporter-output>
        </test-method> <!-- testPostUser -->
        <test-method signature="testGetUser()[pri:2, instance:api.test.UserTests2@ebb6851]" started-at="2024-05-15T09:20:47 IST" name="testGetUser" finished-at="2024-05-15T09:20:48 IST" duration-ms="1252" status="PASS">
          <reporter-output>
          </reporter-output>
        </test-method> <!-- testGetUser -->
        <test-method signature="testUpdateUser()[pri:3, instance:api.test.UserTests2@ebb6851]" started-at="2024-05-15T09:20:48 IST" name="testUpdateUser" finished-at="2024-05-15T09:20:50 IST" duration-ms="2362" status="PASS">
          <reporter-output>
          </reporter-output>
        </test-method> <!-- testUpdateUser -->
        <test-method signature="testDeleteUser()[pri:4, instance:api.test.UserTests2@ebb6851]" started-at="2024-05-15T09:20:50 IST" name="testDeleteUser" finished-at="2024-05-15T09:20:51 IST" duration-ms="1222" status="PASS">
          <reporter-output>
          </reporter-output>
        </test-method> <!-- testDeleteUser -->
      </class> <!-- api.test.UserTests2 -->
    </test> <!-- Test -->
  </suite> <!-- Suite -->
</testng-results>
